# JRE version: OpenJDK Runtime Environment (17.0.6) (build 17.0.6+0-b2043.56-10027231)
# Java VM: OpenJDK 64-Bit Server VM (17.0.6+0-b2043.56-10027231, mixed mode, tiered, compressed oops, compressed class ptrs, g1 gc, windows-amd64)
GC Precious Log:
 CPUs: 8 total, 8 available
 Memory: 10116M
 Large Page Support: Disabled
 NUMA Support: Disabled
 Compressed Oops: Enabled (Zero based)
 Heap Region Size: 2M
 Heap Min Capacity: 8M
 Heap Initial Capacity: 160M
 Heap Max Capacity: 2530M
 Pre-touch: Disabled
 Parallel Workers: 8
 Concurrent Workers: 2
 Concurrent Refinement Workers: 8
 Periodic GC: Disabled
Heap:
 garbage-first heap   total 96256K, used 47572K [0x0000000761e00000, 0x0000000800000000)
  region size 2048K, 2 young (4096K), 2 survivors (4096K)
 Metaspace       used 70501K, committed 70848K, reserved 1114112K
  class space    used 8330K, committed 8512K, reserved 1048576K
GC Heap History (20 events):
Event: 2.632 GC heap after
{Heap after GC invocations=9 (full 0):
 garbage-first heap   total 40960K, used 17101K [0x0000000761e00000, 0x0000000800000000)
  region size 2048K, 1 young (2048K), 1 survivors (2048K)
 Metaspace       used 38201K, committed 38464K, reserved 1089536K
  class space    used 4763K, committed 4864K, reserved 1048576K
}
Event: 2.658 GC heap before
{Heap before GC invocations=9 (full 0):
 garbage-first heap   total 40960K, used 19149K [0x0000000761e00000, 0x0000000800000000)
  region size 2048K, 2 young (4096K), 1 survivors (2048K)
 Metaspace       used 38566K, committed 38848K, reserved 1089536K
  class space    used 4785K, committed 4928K, reserved 1048576K
}
Event: 2.665 GC heap after
{Heap after GC invocations=10 (full 0):
 garbage-first heap   total 53248K, used 17164K [0x0000000761e00000, 0x0000000800000000)
  region size 2048K, 1 young (2048K), 1 survivors (2048K)
 Metaspace       used 38566K, committed 38848K, reserved 1089536K
  class space    used 4785K, committed 4928K, reserved 1048576K
}
Event: 3.033 GC heap before
{Heap before GC invocations=10 (full 0):
 garbage-first heap   total 53248K, used 35596K [0x0000000761e00000, 0x0000000800000000)
  region size 2048K, 10 young (20480K), 1 survivors (2048K)
 Metaspace       used 43129K, committed 43392K, reserved 1089536K
  class space    used 5280K, committed 5440K, reserved 1048576K
}
Event: 3.038 GC heap after
{Heap after GC invocations=11 (full 0):
 garbage-first heap   total 53248K, used 18339K [0x0000000761e00000, 0x0000000800000000)
  region size 2048K, 1 young (2048K), 1 survivors (2048K)
 Metaspace       used 43129K, committed 43392K, reserved 1089536K
  class space    used 5280K, committed 5440K, reserved 1048576K
}
Event: 3.395 GC heap before
{Heap before GC invocations=11 (full 0):
 garbage-first heap   total 53248K, used 38819K [0x0000000761e00000, 0x0000000800000000)
  region size 2048K, 10 young (20480K), 1 survivors (2048K)
 Metaspace       used 47008K, committed 47168K, reserved 1097728K
  class space    used 5756K, committed 5824K, reserved 1048576K
}
Event: 3.402 GC heap after
{Heap after GC invocations=12 (full 0):
 garbage-first heap   total 53248K, used 22935K [0x0000000761e00000, 0x0000000800000000)
  region size 2048K, 2 young (4096K), 2 survivors (4096K)
 Metaspace       used 47008K, committed 47168K, reserved 1097728K
  class space    used 5756K, committed 5824K, reserved 1048576K
}
Event: 3.506 GC heap before
{Heap before GC invocations=12 (full 0):
 garbage-first heap   total 53248K, used 39319K [0x0000000761e00000, 0x0000000800000000)
  region size 2048K, 10 young (20480K), 2 survivors (4096K)
 Metaspace       used 47125K, committed 47296K, reserved 1097728K
  class space    used 5758K, committed 5824K, reserved 1048576K
}
Event: 3.513 GC heap after
{Heap after GC invocations=13 (full 0):
 garbage-first heap   total 53248K, used 24173K [0x0000000761e00000, 0x0000000800000000)
  region size 2048K, 1 young (2048K), 1 survivors (2048K)
 Metaspace       used 47125K, committed 47296K, reserved 1097728K
  class space    used 5758K, committed 5824K, reserved 1048576K
}
Event: 3.693 GC heap before
{Heap before GC invocations=13 (full 0):
 garbage-first heap   total 53248K, used 38509K [0x0000000761e00000, 0x0000000800000000)
  region size 2048K, 8 young (16384K), 1 survivors (2048K)
 Metaspace       used 48938K, committed 49152K, reserved 1097728K
  class space    used 5967K, committed 6080K, reserved 1048576K
}
Event: 3.697 GC heap after
{Heap after GC invocations=14 (full 0):
 garbage-first heap   total 96256K, used 24930K [0x0000000761e00000, 0x0000000800000000)
  region size 2048K, 1 young (2048K), 1 survivors (2048K)
 Metaspace       used 48938K, committed 49152K, reserved 1097728K
  class space    used 5967K, committed 6080K, reserved 1048576K
}
Event: 4.895 GC heap before
{Heap before GC invocations=15 (full 0):
 garbage-first heap   total 96256K, used 67938K [0x0000000761e00000, 0x0000000800000000)
  region size 2048K, 22 young (45056K), 1 survivors (2048K)
 Metaspace       used 52294K, committed 52480K, reserved 1097728K
  class space    used 6266K, committed 6336K, reserved 1048576K
}
Event: 4.917 GC heap after
{Heap after GC invocations=16 (full 0):
 garbage-first heap   total 96256K, used 32419K [0x0000000761e00000, 0x0000000800000000)
  region size 2048K, 3 young (6144K), 3 survivors (6144K)
 Metaspace       used 52294K, committed 52480K, reserved 1097728K
  class space    used 6266K, committed 6336K, reserved 1048576K
}
Event: 5.702 GC heap before
{Heap before GC invocations=16 (full 0):
 garbage-first heap   total 96256K, used 67235K [0x0000000761e00000, 0x0000000800000000)
  region size 2048K, 20 young (40960K), 3 survivors (6144K)
 Metaspace       used 57764K, committed 58048K, reserved 1105920K
  class space    used 7007K, committed 7104K, reserved 1048576K
}
Event: 5.722 GC heap after
{Heap after GC invocations=17 (full 0):
 garbage-first heap   total 96256K, used 36699K [0x0000000761e00000, 0x0000000800000000)
  region size 2048K, 2 young (4096K), 2 survivors (4096K)
 Metaspace       used 57764K, committed 58048K, reserved 1105920K
  class space    used 7007K, committed 7104K, reserved 1048576K
}
Event: 6.643 GC heap before
{Heap before GC invocations=17 (full 0):
 garbage-first heap   total 96256K, used 67419K [0x0000000761e00000, 0x0000000800000000)
  region size 2048K, 18 young (36864K), 2 survivors (4096K)
 Metaspace       used 60934K, committed 61248K, reserved 1105920K
  class space    used 7327K, committed 7488K, reserved 1048576K
}
Event: 6.662 GC heap after
{Heap after GC invocations=18 (full 0):
 garbage-first heap   total 96256K, used 41191K [0x0000000761e00000, 0x0000000800000000)
  region size 2048K, 3 young (6144K), 3 survivors (6144K)
 Metaspace       used 60934K, committed 61248K, reserved 1105920K
  class space    used 7327K, committed 7488K, reserved 1048576K
}
Event: 7.343 GC heap before
{Heap before GC invocations=18 (full 0):
 garbage-first heap   total 96256K, used 67815K [0x0000000761e00000, 0x0000000800000000)
  region size 2048K, 17 young (34816K), 3 survivors (6144K)
 Metaspace       used 65547K, committed 65856K, reserved 1114112K
  class space    used 7788K, committed 7936K, reserved 1048576K
}
Event: 7.361 GC heap after
{Heap after GC invocations=19 (full 0):
 garbage-first heap   total 96256K, used 45089K [0x0000000761e00000, 0x0000000800000000)
  region size 2048K, 2 young (4096K), 2 survivors (4096K)
 Metaspace       used 65547K, committed 65856K, reserved 1114112K
  class space    used 7788K, committed 7936K, reserved 1048576K
}
Event: 8.153 GC heap before
{Heap before GC invocations=19 (full 0):
 garbage-first heap   total 96256K, used 71713K [0x0000000761e00000, 0x0000000800000000)
  region size 2048K, 15 young (30720K), 2 survivors (4096K)
 Metaspace       used 70501K, committed 70848K, reserved 1114112K
  class space    used 8330K, committed 8512K, reserved 1048576K
}

