# JRE version: OpenJDK Runtime Environment (17.0.6) (build 17.0.6+0-b2043.56-10027231)
# Java VM: OpenJDK 64-Bit Server VM (17.0.6+0-b2043.56-10027231, mixed mode, tiered, compressed oops, compressed class ptrs, g1 gc, windows-amd64)
GC Precious Log:
 CPUs: 8 total, 8 available
 Memory: 10116M
 Large Page Support: Disabled
 NUMA Support: Disabled
 Compressed Oops: Enabled (32-bit)
 Heap Region Size: 1M
 Heap Min Capacity: 8M
 Heap Initial Capacity: 160M
 Heap Max Capacity: 2G
 Pre-touch: Disabled
 Parallel Workers: 8
 Concurrent Workers: 2
 Concurrent Refinement Workers: 8
 Periodic GC: Disabled
Heap:
 garbage-first heap   total 317440K, used 235257K [0x0000000080000000, 0x0000000100000000)
  region size 1024K, 6 young (6144K), 6 survivors (6144K)
 Metaspace       used 136106K, committed 137024K, reserved 1171456K
  class space    used 18006K, committed 18432K, reserved 1048576K
GC Heap History (20 events):
Event: 271.518 GC heap after
{Heap after GC invocations=71 (full 0):
 garbage-first heap   total 252928K, used 182633K [0x0000000080000000, 0x0000000100000000)
  region size 1024K, 2 young (2048K), 2 survivors (2048K)
 Metaspace       used 126111K, committed 127104K, reserved 1163264K
  class space    used 16433K, committed 16896K, reserved 1048576K
}
Event: 272.586 GC heap before
{Heap before GC invocations=71 (full 0):
 garbage-first heap   total 252928K, used 219497K [0x0000000080000000, 0x0000000100000000)
  region size 1024K, 39 young (39936K), 2 survivors (2048K)
 Metaspace       used 126125K, committed 127104K, reserved 1163264K
  class space    used 16433K, committed 16896K, reserved 1048576K
}
Event: 272.589 GC heap after
{Heap after GC invocations=72 (full 0):
 garbage-first heap   total 252928K, used 182892K [0x0000000080000000, 0x0000000100000000)
  region size 1024K, 2 young (2048K), 2 survivors (2048K)
 Metaspace       used 126125K, committed 127104K, reserved 1163264K
  class space    used 16433K, committed 16896K, reserved 1048576K
}
Event: 273.227 GC heap before
{Heap before GC invocations=72 (full 0):
 garbage-first heap   total 252928K, used 220780K [0x0000000080000000, 0x0000000100000000)
  region size 1024K, 40 young (40960K), 2 survivors (2048K)
 Metaspace       used 126682K, committed 127616K, reserved 1163264K
  class space    used 16520K, committed 16960K, reserved 1048576K
}
Event: 273.233 GC heap after
{Heap after GC invocations=73 (full 0):
 garbage-first heap   total 252928K, used 185571K [0x0000000080000000, 0x0000000100000000)
  region size 1024K, 5 young (5120K), 5 survivors (5120K)
 Metaspace       used 126682K, committed 127616K, reserved 1163264K
  class space    used 16520K, committed 16960K, reserved 1048576K
}
Event: 273.515 GC heap before
{Heap before GC invocations=73 (full 0):
 garbage-first heap   total 252928K, used 219363K [0x0000000080000000, 0x0000000100000000)
  region size 1024K, 39 young (39936K), 5 survivors (5120K)
 Metaspace       used 128212K, committed 129152K, reserved 1163264K
  class space    used 16740K, committed 17152K, reserved 1048576K
}
Event: 273.521 GC heap after
{Heap after GC invocations=74 (full 0):
 garbage-first heap   total 252928K, used 191598K [0x0000000080000000, 0x0000000100000000)
  region size 1024K, 5 young (5120K), 5 survivors (5120K)
 Metaspace       used 128212K, committed 129152K, reserved 1163264K
  class space    used 16740K, committed 17152K, reserved 1048576K
}
Event: 273.957 GC heap before
{Heap before GC invocations=74 (full 0):
 garbage-first heap   total 252928K, used 217198K [0x0000000080000000, 0x0000000100000000)
  region size 1024K, 31 young (31744K), 5 survivors (5120K)
 Metaspace       used 130834K, committed 131776K, reserved 1171456K
  class space    used 17134K, committed 17600K, reserved 1048576K
}
Event: 273.967 GC heap after
{Heap after GC invocations=75 (full 0):
 garbage-first heap   total 252928K, used 196339K [0x0000000080000000, 0x0000000100000000)
  region size 1024K, 4 young (4096K), 4 survivors (4096K)
 Metaspace       used 130834K, committed 131776K, reserved 1171456K
  class space    used 17134K, committed 17600K, reserved 1048576K
}
Event: 274.124 GC heap before
{Heap before GC invocations=75 (full 0):
 garbage-first heap   total 252928K, used 217843K [0x0000000080000000, 0x0000000100000000)
  region size 1024K, 25 young (25600K), 4 survivors (4096K)
 Metaspace       used 131329K, committed 132288K, reserved 1171456K
  class space    used 17196K, committed 17664K, reserved 1048576K
}
Event: 274.137 GC heap after
{Heap after GC invocations=76 (full 0):
 garbage-first heap   total 252928K, used 202928K [0x0000000080000000, 0x0000000100000000)
  region size 1024K, 4 young (4096K), 4 survivors (4096K)
 Metaspace       used 131329K, committed 132288K, reserved 1171456K
  class space    used 17196K, committed 17664K, reserved 1048576K
}
Event: 274.223 GC heap before
{Heap before GC invocations=76 (full 0):
 garbage-first heap   total 252928K, used 217264K [0x0000000080000000, 0x0000000100000000)
  region size 1024K, 18 young (18432K), 4 survivors (4096K)
 Metaspace       used 131539K, committed 132480K, reserved 1171456K
  class space    used 17242K, committed 17664K, reserved 1048576K
}
Event: 274.235 GC heap after
{Heap after GC invocations=77 (full 0):
 garbage-first heap   total 317440K, used 206787K [0x0000000080000000, 0x0000000100000000)
  region size 1024K, 3 young (3072K), 3 survivors (3072K)
 Metaspace       used 131539K, committed 132480K, reserved 1171456K
  class space    used 17242K, committed 17664K, reserved 1048576K
}
Event: 274.634 GC heap before
{Heap before GC invocations=77 (full 0):
 garbage-first heap   total 317440K, used 253891K [0x0000000080000000, 0x0000000100000000)
  region size 1024K, 50 young (51200K), 3 survivors (3072K)
 Metaspace       used 134104K, committed 135040K, reserved 1171456K
  class space    used 17612K, committed 18048K, reserved 1048576K
}
Event: 274.649 GC heap after
{Heap after GC invocations=78 (full 0):
 garbage-first heap   total 317440K, used 212858K [0x0000000080000000, 0x0000000100000000)
  region size 1024K, 7 young (7168K), 7 survivors (7168K)
 Metaspace       used 134104K, committed 135040K, reserved 1171456K
  class space    used 17612K, committed 18048K, reserved 1048576K
}
Event: 274.894 GC heap before
{Heap before GC invocations=78 (full 0):
 garbage-first heap   total 317440K, used 257914K [0x0000000080000000, 0x0000000100000000)
  region size 1024K, 52 young (53248K), 7 survivors (7168K)
 Metaspace       used 134758K, committed 135744K, reserved 1171456K
  class space    used 17720K, committed 18176K, reserved 1048576K
}
Event: 274.922 GC heap after
{Heap after GC invocations=79 (full 0):
 garbage-first heap   total 317440K, used 221103K [0x0000000080000000, 0x0000000100000000)
  region size 1024K, 7 young (7168K), 7 survivors (7168K)
 Metaspace       used 134758K, committed 135744K, reserved 1171456K
  class space    used 17720K, committed 18176K, reserved 1048576K
}
Event: 275.200 GC heap before
{Heap before GC invocations=79 (full 0):
 garbage-first heap   total 317440K, used 263087K [0x0000000080000000, 0x0000000100000000)
  region size 1024K, 48 young (49152K), 7 survivors (7168K)
 Metaspace       used 135472K, committed 136448K, reserved 1171456K
  class space    used 17917K, committed 18368K, reserved 1048576K
}
Event: 275.226 GC heap after
{Heap after GC invocations=80 (full 0):
 garbage-first heap   total 317440K, used 228667K [0x0000000080000000, 0x0000000100000000)
  region size 1024K, 6 young (6144K), 6 survivors (6144K)
 Metaspace       used 135472K, committed 136448K, reserved 1171456K
  class space    used 17917K, committed 18368K, reserved 1048576K
}
Event: 275.384 GC heap before
{Heap before GC invocations=80 (full 0):
 garbage-first heap   total 317440K, used 264507K [0x0000000080000000, 0x0000000100000000)
  region size 1024K, 42 young (43008K), 6 survivors (6144K)
 Metaspace       used 136106K, committed 137024K, reserved 1171456K
  class space    used 18006K, committed 18432K, reserved 1048576K
}

